d:\fakultet\ii godina\iii semestar\objektno orjentisano programiranje 1\k3\lab3\zad3\debug\vc142.pdb
d:\fakultet\ii godina\iii semestar\objektno orjentisano programiranje 1\k3\lab3\zad3\debug\vc142.idb
d:\fakultet\ii godina\iii semestar\objektno orjentisano programiranje 1\k3\lab3\zad3\debug\vozilo.obj
d:\fakultet\ii godina\iii semestar\objektno orjentisano programiranje 1\k3\lab3\zad3\debug\tacka.obj
d:\fakultet\ii godina\iii semestar\objektno orjentisano programiranje 1\k3\lab3\zad3\debug\put.obj
d:\fakultet\ii godina\iii semestar\objektno orjentisano programiranje 1\k3\lab3\zad3\debug\main.obj
d:\fakultet\ii godina\iii semestar\objektno orjentisano programiranje 1\k3\lab3\debug\zad3.exe
d:\fakultet\ii godina\iii semestar\objektno orjentisano programiranje 1\k3\lab3\zad3\debug\zad3.ilk
d:\fakultet\ii godina\iii semestar\objektno orjentisano programiranje 1\k3\lab3\debug\zad3.pdb
d:\fakultet\ii godina\iii semestar\objektno orjentisano programiranje 1\k3\lab3\zad3\debug\main.nativecodeanalysis.xml
d:\fakultet\ii godina\iii semestar\objektno orjentisano programiranje 1\k3\lab3\zad3\debug\put.nativecodeanalysis.xml
d:\fakultet\ii godina\iii semestar\objektno orjentisano programiranje 1\k3\lab3\zad3\debug\tacka.nativecodeanalysis.xml
d:\fakultet\ii godina\iii semestar\objektno orjentisano programiranje 1\k3\lab3\zad3\debug\vc.nativecodeanalysis.all.xml
d:\fakultet\ii godina\iii semestar\objektno orjentisano programiranje 1\k3\lab3\zad3\debug\vozilo.nativecodeanalysis.xml
d:\fakultet\ii godina\iii semestar\objektno orjentisano programiranje 1\k3\lab3\zad3\debug\zad3.tlog\cl.command.1.tlog
d:\fakultet\ii godina\iii semestar\objektno orjentisano programiranje 1\k3\lab3\zad3\debug\zad3.tlog\cl.read.1.tlog
d:\fakultet\ii godina\iii semestar\objektno orjentisano programiranje 1\k3\lab3\zad3\debug\zad3.tlog\cl.write.1.tlog
d:\fakultet\ii godina\iii semestar\objektno orjentisano programiranje 1\k3\lab3\zad3\debug\zad3.tlog\link.command.1.tlog
d:\fakultet\ii godina\iii semestar\objektno orjentisano programiranje 1\k3\lab3\zad3\debug\zad3.tlog\link.read.1.tlog
d:\fakultet\ii godina\iii semestar\objektno orjentisano programiranje 1\k3\lab3\zad3\debug\zad3.tlog\link.write.1.tlog
