d:\fakultet\ii godina\iii semestar\objektno orjentisano programiranje 1\k3\lab3\zad2\debug\vc142.pdb
d:\fakultet\ii godina\iii semestar\objektno orjentisano programiranje 1\k3\lab3\zad2\debug\vc142.idb
d:\fakultet\ii godina\iii semestar\objektno orjentisano programiranje 1\k3\lab3\zad2\debug\rukovalac.obj
d:\fakultet\ii godina\iii semestar\objektno orjentisano programiranje 1\k3\lab3\zad2\debug\prodavac.obj
d:\fakultet\ii godina\iii semestar\objektno orjentisano programiranje 1\k3\lab3\zad2\debug\posiljka.obj
d:\fakultet\ii godina\iii semestar\objektno orjentisano programiranje 1\k3\lab3\zad2\debug\main.obj
d:\fakultet\ii godina\iii semestar\objektno orjentisano programiranje 1\k3\lab3\zad2\debug\artikal.obj
d:\fakultet\ii godina\iii semestar\objektno orjentisano programiranje 1\k3\lab3\debug\zad2.exe
d:\fakultet\ii godina\iii semestar\objektno orjentisano programiranje 1\k3\lab3\zad2\debug\zad2.ilk
d:\fakultet\ii godina\iii semestar\objektno orjentisano programiranje 1\k3\lab3\debug\zad2.pdb
d:\fakultet\ii godina\iii semestar\objektno orjentisano programiranje 1\k3\lab3\zad2\debug\artikal.nativecodeanalysis.xml
d:\fakultet\ii godina\iii semestar\objektno orjentisano programiranje 1\k3\lab3\zad2\debug\main.nativecodeanalysis.xml
d:\fakultet\ii godina\iii semestar\objektno orjentisano programiranje 1\k3\lab3\zad2\debug\posiljka.nativecodeanalysis.xml
d:\fakultet\ii godina\iii semestar\objektno orjentisano programiranje 1\k3\lab3\zad2\debug\prodavac.nativecodeanalysis.xml
d:\fakultet\ii godina\iii semestar\objektno orjentisano programiranje 1\k3\lab3\zad2\debug\rukovalac.nativecodeanalysis.xml
d:\fakultet\ii godina\iii semestar\objektno orjentisano programiranje 1\k3\lab3\zad2\debug\vc.nativecodeanalysis.all.xml
d:\fakultet\ii godina\iii semestar\objektno orjentisano programiranje 1\k3\lab3\zad2\debug\zad2.tlog\cl.command.1.tlog
d:\fakultet\ii godina\iii semestar\objektno orjentisano programiranje 1\k3\lab3\zad2\debug\zad2.tlog\cl.read.1.tlog
d:\fakultet\ii godina\iii semestar\objektno orjentisano programiranje 1\k3\lab3\zad2\debug\zad2.tlog\cl.write.1.tlog
d:\fakultet\ii godina\iii semestar\objektno orjentisano programiranje 1\k3\lab3\zad2\debug\zad2.tlog\link.command.1.tlog
d:\fakultet\ii godina\iii semestar\objektno orjentisano programiranje 1\k3\lab3\zad2\debug\zad2.tlog\link.read.1.tlog
d:\fakultet\ii godina\iii semestar\objektno orjentisano programiranje 1\k3\lab3\zad2\debug\zad2.tlog\link.write.1.tlog
