d:\fakultet\ii godina\iii semestar\objektno orjentisano programiranje 1\k3\lab3\zad1\debug\vc142.pdb
d:\fakultet\ii godina\iii semestar\objektno orjentisano programiranje 1\k3\lab3\zad1\debug\vc142.idb
d:\fakultet\ii godina\iii semestar\objektno orjentisano programiranje 1\k3\lab3\zad1\debug\sa_tekstom.nativecodeanalysis.sarif
d:\fakultet\ii godina\iii semestar\objektno orjentisano programiranje 1\k3\lab3\zad1\debug\sa_tekstom.nativecodeanalysis.xml
d:\fakultet\ii godina\iii semestar\objektno orjentisano programiranje 1\k3\lab3\zad1\debug\poruka.nativecodeanalysis.sarif
d:\fakultet\ii godina\iii semestar\objektno orjentisano programiranje 1\k3\lab3\zad1\debug\poruka.nativecodeanalysis.xml
d:\fakultet\ii godina\iii semestar\objektno orjentisano programiranje 1\k3\lab3\zad1\debug\oznaka.nativecodeanalysis.sarif
d:\fakultet\ii godina\iii semestar\objektno orjentisano programiranje 1\k3\lab3\zad1\debug\oznaka.nativecodeanalysis.xml
d:\fakultet\ii godina\iii semestar\objektno orjentisano programiranje 1\k3\lab3\zad1\debug\main.nativecodeanalysis.sarif
d:\fakultet\ii godina\iii semestar\objektno orjentisano programiranje 1\k3\lab3\zad1\debug\main.nativecodeanalysis.xml
d:\fakultet\ii godina\iii semestar\objektno orjentisano programiranje 1\k3\lab3\zad1\debug\korisnik.nativecodeanalysis.sarif
d:\fakultet\ii godina\iii semestar\objektno orjentisano programiranje 1\k3\lab3\zad1\debug\korisnik.nativecodeanalysis.xml
d:\fakultet\ii godina\iii semestar\objektno orjentisano programiranje 1\k3\lab3\zad1\debug\korisnik.obj
d:\fakultet\ii godina\iii semestar\objektno orjentisano programiranje 1\k3\lab3\zad1\debug\main.obj
d:\fakultet\ii godina\iii semestar\objektno orjentisano programiranje 1\k3\lab3\zad1\debug\oznaka.obj
d:\fakultet\ii godina\iii semestar\objektno orjentisano programiranje 1\k3\lab3\zad1\debug\poruka.obj
d:\fakultet\ii godina\iii semestar\objektno orjentisano programiranje 1\k3\lab3\zad1\debug\sa_tekstom.obj
d:\fakultet\ii godina\iii semestar\objektno orjentisano programiranje 1\k3\lab3\zad1\debug\zad1.ilk
d:\fakultet\ii godina\iii semestar\objektno orjentisano programiranje 1\k3\lab3\debug\zad1.exe
d:\fakultet\ii godina\iii semestar\objektno orjentisano programiranje 1\k3\lab3\debug\zad1.pdb
d:\fakultet\ii godina\iii semestar\objektno orjentisano programiranje 1\k3\lab3\zad1\debug\vc.nativecodeanalysis.all.xml
d:\fakultet\ii godina\iii semestar\objektno orjentisano programiranje 1\k3\lab3\zad1\debug\zad1.tlog\cl.command.1.tlog
d:\fakultet\ii godina\iii semestar\objektno orjentisano programiranje 1\k3\lab3\zad1\debug\zad1.tlog\cl.read.1.tlog
d:\fakultet\ii godina\iii semestar\objektno orjentisano programiranje 1\k3\lab3\zad1\debug\zad1.tlog\cl.write.1.tlog
d:\fakultet\ii godina\iii semestar\objektno orjentisano programiranje 1\k3\lab3\zad1\debug\zad1.tlog\link.command.1.tlog
d:\fakultet\ii godina\iii semestar\objektno orjentisano programiranje 1\k3\lab3\zad1\debug\zad1.tlog\link.read.1.tlog
d:\fakultet\ii godina\iii semestar\objektno orjentisano programiranje 1\k3\lab3\zad1\debug\zad1.tlog\link.write.1.tlog
