d:\fakultet\ii godina\iii semestar\objektno orjentisano programiranje 1\k3\lab3\zad4\debug\vc142.pdb
d:\fakultet\ii godina\iii semestar\objektno orjentisano programiranje 1\k3\lab3\zad4\debug\vc142.idb
d:\fakultet\ii godina\iii semestar\objektno orjentisano programiranje 1\k3\lab3\zad4\debug\tim.obj
d:\fakultet\ii godina\iii semestar\objektno orjentisano programiranje 1\k3\lab3\zad4\debug\privilegovani.obj
d:\fakultet\ii godina\iii semestar\objektno orjentisano programiranje 1\k3\lab3\zad4\debug\igrac.obj
d:\fakultet\ii godina\iii semestar\objektno orjentisano programiranje 1\k3\lab3\zad4\debug\mec.obj
d:\fakultet\ii godina\iii semestar\objektno orjentisano programiranje 1\k3\lab3\zad4\debug\main.obj
d:\fakultet\ii godina\iii semestar\objektno orjentisano programiranje 1\k3\lab3\debug\zad4.exe
d:\fakultet\ii godina\iii semestar\objektno orjentisano programiranje 1\k3\lab3\zad4\debug\zad4.ilk
d:\fakultet\ii godina\iii semestar\objektno orjentisano programiranje 1\k3\lab3\debug\zad4.pdb
d:\fakultet\ii godina\iii semestar\objektno orjentisano programiranje 1\k3\lab3\zad4\debug\igrac.nativecodeanalysis.xml
d:\fakultet\ii godina\iii semestar\objektno orjentisano programiranje 1\k3\lab3\zad4\debug\main.nativecodeanalysis.xml
d:\fakultet\ii godina\iii semestar\objektno orjentisano programiranje 1\k3\lab3\zad4\debug\mec.nativecodeanalysis.xml
d:\fakultet\ii godina\iii semestar\objektno orjentisano programiranje 1\k3\lab3\zad4\debug\privilegovani.nativecodeanalysis.xml
d:\fakultet\ii godina\iii semestar\objektno orjentisano programiranje 1\k3\lab3\zad4\debug\tim.nativecodeanalysis.xml
d:\fakultet\ii godina\iii semestar\objektno orjentisano programiranje 1\k3\lab3\zad4\debug\vc.nativecodeanalysis.all.xml
d:\fakultet\ii godina\iii semestar\objektno orjentisano programiranje 1\k3\lab3\zad4\debug\zad4.tlog\cl.command.1.tlog
d:\fakultet\ii godina\iii semestar\objektno orjentisano programiranje 1\k3\lab3\zad4\debug\zad4.tlog\cl.read.1.tlog
d:\fakultet\ii godina\iii semestar\objektno orjentisano programiranje 1\k3\lab3\zad4\debug\zad4.tlog\cl.write.1.tlog
d:\fakultet\ii godina\iii semestar\objektno orjentisano programiranje 1\k3\lab3\zad4\debug\zad4.tlog\link.command.1.tlog
d:\fakultet\ii godina\iii semestar\objektno orjentisano programiranje 1\k3\lab3\zad4\debug\zad4.tlog\link.read.1.tlog
d:\fakultet\ii godina\iii semestar\objektno orjentisano programiranje 1\k3\lab3\zad4\debug\zad4.tlog\link.write.1.tlog
